# JRE version: OpenJDK Runtime Environment (11.0.13) (build 11.0.13+0-b1751.21-8125866)
# Java VM: OpenJDK 64-Bit Server VM (11.0.13+0-b1751.21-8125866, mixed mode, tiered, compressed oops, g1 gc, windows-amd64)
Heap:
 garbage-first heap   total 393216K, used 221184K [0x00000000a0000000, 0x0000000100000000)
  region size 1024K, 51 young (52224K), 21 survivors (21504K)
 Metaspace       used 113935K, capacity 117434K, committed 117612K, reserved 1153024K
  class space    used 13834K, capacity 15029K, committed 15052K, reserved 1048576K
GC Heap History (20 events):
Event: 44.651 GC heap before
{Heap before GC invocations=15 (full 0):
 garbage-first heap   total 393216K, used 316387K [0x00000000a0000000, 0x0000000100000000)
  region size 1024K, 180 young (184320K), 7 survivors (7168K)
 Metaspace       used 90555K, capacity 92834K, committed 92908K, reserved 1130496K
  class space    used 11238K, capacity 12079K, committed 12108K, reserved 1048576K
}
Event: 44.656 GC heap after
{Heap after GC invocations=16 (full 0):
 garbage-first heap   total 393216K, used 139320K [0x00000000a0000000, 0x0000000100000000)
  region size 1024K, 6 young (6144K), 6 survivors (6144K)
 Metaspace       used 90555K, capacity 92834K, committed 92908K, reserved 1130496K
  class space    used 11238K, capacity 12079K, committed 12108K, reserved 1048576K
}
Event: 45.096 GC heap before
{Heap before GC invocations=16 (full 0):
 garbage-first heap   total 393216K, used 320568K [0x00000000a0000000, 0x0000000100000000)
  region size 1024K, 183 young (187392K), 6 survivors (6144K)
 Metaspace       used 90566K, capacity 92898K, committed 93164K, reserved 1130496K
  class space    used 11238K, capacity 12079K, committed 12108K, reserved 1048576K
}
Event: 45.101 GC heap after
{Heap after GC invocations=17 (full 0):
 garbage-first heap   total 393216K, used 144376K [0x00000000a0000000, 0x0000000100000000)
  region size 1024K, 11 young (11264K), 11 survivors (11264K)
 Metaspace       used 90566K, capacity 92898K, committed 93164K, reserved 1130496K
  class space    used 11238K, capacity 12079K, committed 12108K, reserved 1048576K
}
Event: 45.494 GC heap before
{Heap before GC invocations=17 (full 0):
 garbage-first heap   total 393216K, used 324600K [0x00000000a0000000, 0x0000000100000000)
  region size 1024K, 186 young (190464K), 11 survivors (11264K)
 Metaspace       used 90577K, capacity 92898K, committed 93164K, reserved 1130496K
  class space    used 11239K, capacity 12079K, committed 12108K, reserved 1048576K
}
Event: 45.499 GC heap after
{Heap after GC invocations=18 (full 0):
 garbage-first heap   total 393216K, used 147742K [0x00000000a0000000, 0x0000000100000000)
  region size 1024K, 14 young (14336K), 14 survivors (14336K)
 Metaspace       used 90577K, capacity 92898K, committed 93164K, reserved 1130496K
  class space    used 11239K, capacity 12079K, committed 12108K, reserved 1048576K
}
Event: 51.255 GC heap before
{Heap before GC invocations=18 (full 0):
 garbage-first heap   total 393216K, used 327966K [0x00000000a0000000, 0x0000000100000000)
  region size 1024K, 189 young (193536K), 14 survivors (14336K)
 Metaspace       used 91432K, capacity 93859K, committed 94060K, reserved 1130496K
  class space    used 11296K, capacity 12128K, committed 12236K, reserved 1048576K
}
Event: 51.263 GC heap after
{Heap after GC invocations=19 (full 0):
 garbage-first heap   total 393216K, used 159629K [0x00000000a0000000, 0x0000000100000000)
  region size 1024K, 21 young (21504K), 21 survivors (21504K)
 Metaspace       used 91432K, capacity 93859K, committed 94060K, reserved 1130496K
  class space    used 11296K, capacity 12128K, committed 12236K, reserved 1048576K
}
Event: 52.457 GC heap before
{Heap before GC invocations=19 (full 0):
 garbage-first heap   total 393216K, used 327565K [0x00000000a0000000, 0x0000000100000000)
  region size 1024K, 185 young (189440K), 21 survivors (21504K)
 Metaspace       used 91450K, capacity 93859K, committed 94060K, reserved 1130496K
  class space    used 11296K, capacity 12128K, committed 12236K, reserved 1048576K
}
Event: 52.464 GC heap after
{Heap after GC invocations=20 (full 0):
 garbage-first heap   total 393216K, used 160681K [0x00000000a0000000, 0x0000000100000000)
  region size 1024K, 11 young (11264K), 11 survivors (11264K)
 Metaspace       used 91450K, capacity 93859K, committed 94060K, reserved 1130496K
  class space    used 11296K, capacity 12128K, committed 12236K, reserved 1048576K
}
Event: 55.774 GC heap before
{Heap before GC invocations=20 (full 0):
 garbage-first heap   total 393216K, used 331689K [0x00000000a0000000, 0x0000000100000000)
  region size 1024K, 180 young (184320K), 11 survivors (11264K)
 Metaspace       used 95579K, capacity 98180K, committed 98284K, reserved 1134592K
  class space    used 11859K, capacity 12814K, committed 12876K, reserved 1048576K
}
Event: 55.781 GC heap after
{Heap after GC invocations=21 (full 0):
 garbage-first heap   total 393216K, used 157433K [0x00000000a0000000, 0x0000000100000000)
  region size 1024K, 10 young (10240K), 10 survivors (10240K)
 Metaspace       used 95579K, capacity 98180K, committed 98284K, reserved 1134592K
  class space    used 11859K, capacity 12814K, committed 12876K, reserved 1048576K
}
Event: 58.460 GC heap before
{Heap before GC invocations=21 (full 0):
 garbage-first heap   total 393216K, used 334585K [0x00000000a0000000, 0x0000000100000000)
  region size 1024K, 183 young (187392K), 10 survivors (10240K)
 Metaspace       used 102805K, capacity 105775K, committed 105964K, reserved 1140736K
  class space    used 12779K, capacity 13790K, committed 13900K, reserved 1048576K
}
Event: 58.474 GC heap after
{Heap after GC invocations=22 (full 0):
 garbage-first heap   total 393216K, used 164244K [0x00000000a0000000, 0x0000000100000000)
  region size 1024K, 17 young (17408K), 17 survivors (17408K)
 Metaspace       used 102805K, capacity 105775K, committed 105964K, reserved 1140736K
  class space    used 12779K, capacity 13790K, committed 13900K, reserved 1048576K
}
Event: 71.105 GC heap before
{Heap before GC invocations=22 (full 0):
 garbage-first heap   total 393216K, used 332180K [0x00000000a0000000, 0x0000000100000000)
  region size 1024K, 182 young (186368K), 17 survivors (17408K)
 Metaspace       used 107240K, capacity 110356K, committed 110700K, reserved 1146880K
  class space    used 13096K, capacity 14174K, committed 14284K, reserved 1048576K
}
Event: 71.130 GC heap after
{Heap after GC invocations=23 (full 0):
 garbage-first heap   total 393216K, used 175088K [0x00000000a0000000, 0x0000000100000000)
  region size 1024K, 21 young (21504K), 21 survivors (21504K)
 Metaspace       used 107240K, capacity 110356K, committed 110700K, reserved 1146880K
  class space    used 13096K, capacity 14174K, committed 14284K, reserved 1048576K
}
Event: 2817.747 GC heap before
{Heap before GC invocations=23 (full 0):
 garbage-first heap   total 393216K, used 329712K [0x00000000a0000000, 0x0000000100000000)
  region size 1024K, 173 young (177152K), 21 survivors (21504K)
 Metaspace       used 109778K, capacity 113234K, committed 113388K, reserved 1148928K
  class space    used 13370K, capacity 14539K, committed 14668K, reserved 1048576K
}
Event: 2817.788 GC heap after
{Heap after GC invocations=24 (full 0):
 garbage-first heap   total 393216K, used 173212K [0x00000000a0000000, 0x0000000100000000)
  region size 1024K, 10 young (10240K), 10 survivors (10240K)
 Metaspace       used 109778K, capacity 113234K, committed 113388K, reserved 1148928K
  class space    used 13370K, capacity 14539K, committed 14668K, reserved 1048576K
}
Event: 2824.086 GC heap before
{Heap before GC invocations=24 (full 0):
 garbage-first heap   total 393216K, used 327836K [0x00000000a0000000, 0x0000000100000000)
  region size 1024K, 162 young (165888K), 10 survivors (10240K)
 Metaspace       used 111731K, capacity 115225K, committed 115308K, reserved 1150976K
  class space    used 13569K, capacity 14763K, committed 14796K, reserved 1048576K
}
Event: 2824.118 GC heap after
{Heap after GC invocations=25 (full 0):
 garbage-first heap   total 393216K, used 189440K [0x00000000a0000000, 0x0000000100000000)
  region size 1024K, 21 young (21504K), 21 survivors (21504K)
 Metaspace       used 111731K, capacity 115225K, committed 115308K, reserved 1150976K
  class space    used 13569K, capacity 14763K, committed 14796K, reserved 1048576K
}

