# JRE version: OpenJDK Runtime Environment (11.0.13) (build 11.0.13+0-b1751.21-8125866)
# Java VM: OpenJDK 64-Bit Server VM (11.0.13+0-b1751.21-8125866, mixed mode, tiered, compressed oops, g1 gc, windows-amd64)
Heap:
 garbage-first heap   total 393216K, used 140612K [0x00000000a0000000, 0x0000000100000000)
  region size 1024K, 40 young (40960K), 23 survivors (23552K)
 Metaspace       used 97174K, capacity 99698K, committed 99792K, reserved 1136640K
  class space    used 12078K, capacity 12974K, committed 13056K, reserved 1048576K
GC Heap History (17 events):
Event: 1.244 GC heap before
{Heap before GC invocations=0 (full 0):
 garbage-first heap   total 393216K, used 29696K [0x00000000a0000000, 0x0000000100000000)
  region size 1024K, 24 young (24576K), 0 survivors (0K)
 Metaspace       used 10712K, capacity 10996K, committed 11264K, reserved 1058816K
  class space    used 1115K, capacity 1200K, committed 1280K, reserved 1048576K
}
Event: 1.249 GC heap after
{Heap after GC invocations=1 (full 0):
 garbage-first heap   total 393216K, used 8647K [0x00000000a0000000, 0x0000000100000000)
  region size 1024K, 3 young (3072K), 3 survivors (3072K)
 Metaspace       used 10712K, capacity 10996K, committed 11264K, reserved 1058816K
  class space    used 1115K, capacity 1200K, committed 1280K, reserved 1048576K
}
Event: 7.866 GC heap before
{Heap before GC invocations=1 (full 0):
 garbage-first heap   total 393216K, used 86471K [0x00000000a0000000, 0x0000000100000000)
  region size 1024K, 80 young (81920K), 3 survivors (3072K)
 Metaspace       used 20685K, capacity 21233K, committed 21248K, reserved 1069056K
  class space    used 2399K, capacity 2555K, committed 2560K, reserved 1048576K
}
Event: 7.878 GC heap after
{Heap after GC invocations=2 (full 0):
 garbage-first heap   total 393216K, used 15926K [0x00000000a0000000, 0x0000000100000000)
  region size 1024K, 11 young (11264K), 11 survivors (11264K)
 Metaspace       used 20685K, capacity 21233K, committed 21248K, reserved 1069056K
  class space    used 2399K, capacity 2555K, committed 2560K, reserved 1048576K
}
Event: 9.686 GC heap before
{Heap before GC invocations=3 (full 0):
 garbage-first heap   total 393216K, used 91702K [0x00000000a0000000, 0x0000000100000000)
  region size 1024K, 69 young (70656K), 11 survivors (11264K)
 Metaspace       used 26788K, capacity 27587K, committed 27772K, reserved 1073152K
  class space    used 3388K, capacity 3650K, committed 3712K, reserved 1048576K
}
Event: 9.694 GC heap after
{Heap after GC invocations=4 (full 0):
 garbage-first heap   total 393216K, used 39283K [0x00000000a0000000, 0x0000000100000000)
  region size 1024K, 7 young (7168K), 7 survivors (7168K)
 Metaspace       used 26788K, capacity 27587K, committed 27772K, reserved 1073152K
  class space    used 3388K, capacity 3650K, committed 3712K, reserved 1048576K
}
Event: 11.082 GC heap before
{Heap before GC invocations=4 (full 0):
 garbage-first heap   total 393216K, used 82291K [0x00000000a0000000, 0x0000000100000000)
  region size 1024K, 51 young (52224K), 7 survivors (7168K)
 Metaspace       used 35071K, capacity 35905K, committed 35964K, reserved 1081344K
  class space    used 4423K, capacity 4702K, committed 4736K, reserved 1048576K
}
Event: 11.090 GC heap after
{Heap after GC invocations=5 (full 0):
 garbage-first heap   total 393216K, used 42807K [0x00000000a0000000, 0x0000000100000000)
  region size 1024K, 10 young (10240K), 10 survivors (10240K)
 Metaspace       used 35071K, capacity 35905K, committed 35964K, reserved 1081344K
  class space    used 4423K, capacity 4702K, committed 4736K, reserved 1048576K
}
Event: 14.319 GC heap before
{Heap before GC invocations=6 (full 0):
 garbage-first heap   total 393216K, used 154423K [0x00000000a0000000, 0x0000000100000000)
  region size 1024K, 116 young (118784K), 10 survivors (10240K)
 Metaspace       used 46659K, capacity 47715K, committed 47996K, reserved 1091584K
  class space    used 5808K, capacity 6166K, committed 6272K, reserved 1048576K
}
Event: 14.334 GC heap after
{Heap after GC invocations=7 (full 0):
 garbage-first heap   total 393216K, used 51293K [0x00000000a0000000, 0x0000000100000000)
  region size 1024K, 11 young (11264K), 11 survivors (11264K)
 Metaspace       used 46659K, capacity 47715K, committed 47996K, reserved 1091584K
  class space    used 5808K, capacity 6166K, committed 6272K, reserved 1048576K
}
Event: 20.467 GC heap before
{Heap before GC invocations=7 (full 0):
 garbage-first heap   total 393216K, used 197725K [0x00000000a0000000, 0x0000000100000000)
  region size 1024K, 150 young (153600K), 11 survivors (11264K)
 Metaspace       used 58861K, capacity 60294K, committed 60368K, reserved 1101824K
  class space    used 7206K, capacity 7675K, committed 7680K, reserved 1048576K
}
Event: 20.508 GC heap after
{Heap after GC invocations=8 (full 0):
 garbage-first heap   total 393216K, used 69794K [0x00000000a0000000, 0x0000000100000000)
  region size 1024K, 21 young (21504K), 21 survivors (21504K)
 Metaspace       used 58861K, capacity 60294K, committed 60368K, reserved 1101824K
  class space    used 7206K, capacity 7675K, committed 7680K, reserved 1048576K
}
Event: 25.819 GC heap before
{Heap before GC invocations=9 (full 0):
 garbage-first heap   total 393216K, used 247970K [0x00000000a0000000, 0x0000000100000000)
  region size 1024K, 195 young (199680K), 21 survivors (21504K)
 Metaspace       used 77799K, capacity 79696K, committed 79952K, reserved 1118208K
  class space    used 9665K, capacity 10317K, committed 10368K, reserved 1048576K
}
Event: 25.846 GC heap after
{Heap after GC invocations=10 (full 0):
 garbage-first heap   total 393216K, used 82189K [0x00000000a0000000, 0x0000000100000000)
  region size 1024K, 24 young (24576K), 24 survivors (24576K)
 Metaspace       used 77799K, capacity 79696K, committed 79952K, reserved 1118208K
  class space    used 9665K, capacity 10317K, committed 10368K, reserved 1048576K
}
Event: 30.750 GC heap before
{Heap before GC invocations=10 (full 0):
 garbage-first heap   total 393216K, used 293133K [0x00000000a0000000, 0x0000000100000000)
  region size 1024K, 212 young (217088K), 24 survivors (24576K)
 Metaspace       used 89573K, capacity 91691K, committed 91984K, reserved 1130496K
  class space    used 11108K, capacity 11859K, committed 11904K, reserved 1048576K
}
Event: 30.774 GC heap after
{Heap after GC invocations=11 (full 0):
 garbage-first heap   total 393216K, used 113136K [0x00000000a0000000, 0x0000000100000000)
  region size 1024K, 24 young (24576K), 24 survivors (24576K)
 Metaspace       used 89573K, capacity 91691K, committed 91984K, reserved 1130496K
  class space    used 11108K, capacity 11859K, committed 11904K, reserved 1048576K
}
Event: 39.095 GC heap before
{Heap before GC invocations=11 (full 0):
 garbage-first heap   total 393216K, used 306672K [0x00000000a0000000, 0x0000000100000000)
  region size 1024K, 211 young (216064K), 24 survivors (24576K)
 Metaspace       used 97167K, capacity 99698K, committed 99792K, reserved 1136640K
  class space    used 12078K, capacity 12974K, committed 13056K, reserved 1048576K
}

