# JRE version: OpenJDK Runtime Environment (11.0.13) (build 11.0.13+0-b1751.21-8125866)
# Java VM: OpenJDK 64-Bit Server VM (11.0.13+0-b1751.21-8125866, mixed mode, tiered, compressed oops, g1 gc, windows-amd64)
Heap:
 garbage-first heap   total 393216K, used 76579K [0x00000000a0000000, 0x0000000100000000)
  region size 1024K, 55 young (56320K), 25 survivors (25600K)
 Metaspace       used 61387K, capacity 62834K, committed 62892K, reserved 1103872K
  class space    used 7621K, capacity 8135K, committed 8192K, reserved 1048576K
GC Heap History (12 events):
Event: 2.521 GC heap before
{Heap before GC invocations=0 (full 0):
 garbage-first heap   total 393216K, used 29696K [0x00000000a0000000, 0x0000000100000000)
  region size 1024K, 24 young (24576K), 0 survivors (0K)
 Metaspace       used 10738K, capacity 11004K, committed 11264K, reserved 1058816K
  class space    used 1115K, capacity 1200K, committed 1280K, reserved 1048576K
}
Event: 2.564 GC heap after
{Heap after GC invocations=1 (full 0):
 garbage-first heap   total 393216K, used 9026K [0x00000000a0000000, 0x0000000100000000)
  region size 1024K, 3 young (3072K), 3 survivors (3072K)
 Metaspace       used 10738K, capacity 11004K, committed 11264K, reserved 1058816K
  class space    used 1115K, capacity 1200K, committed 1280K, reserved 1048576K
}
Event: 10.252 GC heap before
{Heap before GC invocations=1 (full 0):
 garbage-first heap   total 393216K, used 87874K [0x00000000a0000000, 0x0000000100000000)
  region size 1024K, 81 young (82944K), 3 survivors (3072K)
 Metaspace       used 20651K, capacity 21108K, committed 21248K, reserved 1069056K
  class space    used 2397K, capacity 2543K, committed 2560K, reserved 1048576K
}
Event: 10.265 GC heap after
{Heap after GC invocations=2 (full 0):
 garbage-first heap   total 393216K, used 16015K [0x00000000a0000000, 0x0000000100000000)
  region size 1024K, 10 young (10240K), 10 survivors (10240K)
 Metaspace       used 20651K, capacity 21108K, committed 21248K, reserved 1069056K
  class space    used 2397K, capacity 2543K, committed 2560K, reserved 1048576K
}
Event: 11.719 GC heap before
{Heap before GC invocations=3 (full 0):
 garbage-first heap   total 393216K, used 70287K [0x00000000a0000000, 0x0000000100000000)
  region size 1024K, 63 young (64512K), 10 survivors (10240K)
 Metaspace       used 26897K, capacity 27499K, committed 27776K, reserved 1073152K
  class space    used 3414K, capacity 3615K, committed 3712K, reserved 1048576K
}
Event: 11.727 GC heap after
{Heap after GC invocations=4 (full 0):
 garbage-first heap   total 393216K, used 18459K [0x00000000a0000000, 0x0000000100000000)
  region size 1024K, 3 young (3072K), 3 survivors (3072K)
 Metaspace       used 26897K, capacity 27499K, committed 27776K, reserved 1073152K
  class space    used 3414K, capacity 3615K, committed 3712K, reserved 1048576K
}
Event: 12.896 GC heap before
{Heap before GC invocations=4 (full 0):
 garbage-first heap   total 393216K, used 55323K [0x00000000a0000000, 0x0000000100000000)
  region size 1024K, 41 young (41984K), 3 survivors (3072K)
 Metaspace       used 34742K, capacity 35399K, committed 35628K, reserved 1081344K
  class space    used 4376K, capacity 4610K, committed 4736K, reserved 1048576K
}
Event: 12.908 GC heap after
{Heap after GC invocations=5 (full 0):
 garbage-first heap   total 393216K, used 21120K [0x00000000a0000000, 0x0000000100000000)
  region size 1024K, 6 young (6144K), 6 survivors (6144K)
 Metaspace       used 34742K, capacity 35399K, committed 35628K, reserved 1081344K
  class space    used 4376K, capacity 4610K, committed 4736K, reserved 1048576K
}
Event: 15.876 GC heap before
{Heap before GC invocations=6 (full 0):
 garbage-first heap   total 393216K, used 124544K [0x00000000a0000000, 0x0000000100000000)
  region size 1024K, 105 young (107520K), 6 survivors (6144K)
 Metaspace       used 43238K, capacity 44228K, committed 44460K, reserved 1087488K
  class space    used 5459K, capacity 5794K, committed 5888K, reserved 1048576K
}
Event: 15.889 GC heap after
{Heap after GC invocations=7 (full 0):
 garbage-first heap   total 393216K, used 27011K [0x00000000a0000000, 0x0000000100000000)
  region size 1024K, 11 young (11264K), 11 survivors (11264K)
 Metaspace       used 43238K, capacity 44228K, committed 44460K, reserved 1087488K
  class space    used 5459K, capacity 5794K, committed 5888K, reserved 1048576K
}
Event: 20.614 GC heap before
{Heap before GC invocations=7 (full 0):
 garbage-first heap   total 393216K, used 196995K [0x00000000a0000000, 0x0000000100000000)
  region size 1024K, 172 young (176128K), 11 survivors (11264K)
 Metaspace       used 58236K, capacity 59556K, committed 59692K, reserved 1101824K
  class space    used 7230K, capacity 7682K, committed 7808K, reserved 1048576K
}
Event: 20.659 GC heap after
{Heap after GC invocations=8 (full 0):
 garbage-first heap   total 393216K, used 46883K [0x00000000a0000000, 0x0000000100000000)
  region size 1024K, 25 young (25600K), 25 survivors (25600K)
 Metaspace       used 58236K, capacity 59556K, committed 59692K, reserved 1101824K
  class space    used 7230K, capacity 7682K, committed 7808K, reserved 1048576K
}

